make all --print-data-base --no-builtin-variables --no-builtin-rules --question
# GNU Make 3.81
# Copyright (C) 2006  Free Software Foundation, Inc.
# This is free software; see the source for copying conditions.
# There is NO warranty; not even for MERCHANTABILITY or FITNESS FOR A
# PARTICULAR PURPOSE.

# This program built for i386-apple-darwin11.3.0

# Make data base, printed on Mon Jul 18 00:54:56 2022

# Variables

# automatic
<D = $(patsubst %/,%,$(dir $<))
# automatic
?F = $(notdir $?)
# automatic
?D = $(patsubst %/,%,$(dir $?))
# automatic
@D = $(patsubst %/,%,$(dir $@))
# automatic
@F = $(notdir $@)
# makefile
CURDIR := /Users/vvzvlad/Documents/Projects/NPLM/firmware
# makefile
SHELL = /bin/sh
# environment
VSCODE_NLS_CONFIG = {"locale":"en-gb","availableLanguages":{},"_languagePackSupport":true}
# environment
_ = /usr/bin/make
# environment
SAVEHIST = 1000000000
# makefile (from `Makefile', line 1)
MAKEFILE_LIST :=  Makefile
# environment
__CFBundleIdentifier = com.microsoft.VSCode
# environment
VSCODE_CWD = /
# environment
PATH = /usr/local/bin:/usr/bin:/bin:/usr/sbin:/sbin:/usr/local/MacGPG2/bin:/Applications/Little Snitch.app/Contents/Components:/opt/X11/bin:/usr/local/CrossPack-AVR/bin:/Applications/Wireshark.app/Contents/MacOS:/Users/vvzvlad/.fig/bin:/Users/vvzvlad/.local/bin:/usr/local/sbin/
# environment
ELECTRON_RUN_AS_NODE = 1
# default
.FEATURES := target-specific order-only second-expansion else-if archives jobserver check-symlink
# environment
SSH_AUTH_SOCK = /private/tmp/com.apple.launchd.RhroK8ENw4/Listeners
# automatic
%F = $(notdir $%)
# environment
TTY = not a tty
# environment
HISTFILESIZE = 1000000000
# environment
FIG_PID = 18979
# environment
PWD = /Users/vvzvlad/Documents/Projects/NPLM/firmware
# environment
HISTTIMEFORMAT = [%F %T] 
# environment
ORIGINAL_XDG_CURRENT_DESKTOP = undefined
# environment
VSCODE_AMD_ENTRYPOINT = vs/workbench/api/node/extensionHostProcess
# environment
HOME = /Users/vvzvlad
# default
MAKEFILEPATH = $(shell /usr/bin/xcode-select -print-path 2>/dev/null || echo /Developer)/Makefiles
# environment
VSCODE_CODE_CACHE_PATH = /Users/vvzvlad/Library/Application Support/Code/CachedData/b06ae3b2d2dbfe28bca3134cc6be65935cdfea6a
# environment
LOGNAME = vvzvlad
# environment
APPLICATION_INSIGHTS_NO_DIAGNOSTIC_CHANNEL = 1
# environment
VSCODE_HANDLES_UNCAUGHT_ERRORS = true
# automatic
^D = $(patsubst %/,%,$(dir $^))
# environment
XPC_FLAGS = 0x0
# environment
HISTFILE = /Users/vvzvlad/.zsh_history
# default
MAKE = $(MAKE_COMMAND)
# default
MAKECMDGOALS := all
# environment
SHLVL = 1
# default
MAKE_VERSION := 3.81
# environment
USER = vvzvlad
# makefile
.DEFAULT_GOAL := main
# automatic
%D = $(patsubst %/,%,$(dir $%))
# default
MAKE_COMMAND := /Library/Developer/CommandLineTools/usr/bin/make
# default
.VARIABLES := 
# environment
TMPDIR = /var/folders/7y/lywdm5_j3bs557ngszc4l5z00000gn/T/
# automatic
*F = $(notdir $*)
# environment
VSCODE_IPC_HOOK = /Users/vvzvlad/Library/Application Support/Code/1.69.1-main.sock
# environment
MallocNanoZone = 0
# makefile
MAKEFLAGS = Rrqp
# environment
MFLAGS = -Rrqp
# automatic
*D = $(patsubst %/,%,$(dir $*))
# environment
IDF_PATH = /Users/vvzvlad/Documents/Projects/Dionis/kn/esp-idf
# environment
XPC_SERVICE_NAME = application.com.microsoft.VSCode.34950173.34950179
# automatic
+D = $(patsubst %/,%,$(dir $+))
# automatic
+F = $(notdir $+)
# environment
__CF_USER_TEXT_ENCODING = 0x1F5:0x0:0x0
# environment
COMMAND_MODE = unix2003
# default
MAKEFILES := 
# environment
PROMPT_COMMAND = echo -ne '\033]0;vvzvlad@MBP14\007';
# automatic
<F = $(notdir $<)
# environment
LC_ALL = C
# automatic
^F = $(notdir $^)
# default
SUFFIXES := 
# environment
HISTSIZE = 1000000000
# default
.INCLUDE_DIRS = /usr/local/include
# environment
MAKELEVEL := 0
# environment
LANG = C
# environment
VSCODE_PID = 18969
# variable set hash-table stats:
# Load=67/1024=7%, Rehash=0, Collisions=1/91=1%

# Pattern-specific Variable Values

# No pattern-specific variable values.

# Directories

# . (device 16777232, inode 33331731): 15 files, no impossibilities.

# 15 files, no impossibilities in 1 directories.

# Implicit Rules

# No implicit rules.

# Files

# Not a target:
all:
#  Command-line target.
#  Implicit rule search has been done.
#  File does not exist.
#  File has not been updated.
# variable set hash-table stats:
# Load=0/32=0%, Rehash=0, Collisions=0/0=0%

git_commit:
#  Implicit rule search has not been done.
#  Modification time never checked.
#  File has not been updated.
#  commands to execute (from `Makefile', line 22):
	@echo "-----> Press enter for NOT git commit & push within 4 seconds <-----"
	@read -t 4 -n 1 && exit 0 || git add . ; git commit -m "Auto(press enter): `date +'%Y-%m-%d %H:%M:%S'`" ; git remote | xargs -L1 git push --all > /dev/null 2>&1 &
	

exeption_decode:
#  Implicit rule search has not been done.
#  Modification time never checked.
#  File has not been updated.
#  commands to execute (from `Makefile', line 29):
	@echo "Paste stacktrace and press 'Ctrl-D' twice "
	@cat > ./bin/trace.tmp && echo "\n\n" && java -jar ./common/EspStackTraceDecoder.jar ~/Library/Arduino15/packages/esp8266/tools/xtensa-lx106-elf-gcc/3.0.4-gcc10.3-1757bed/bin/xtensa-lx106-elf-addr2line ./bin/npml1.ino.elf ./bin/trace.tmp ; rm ./bin/trace.tmp
	

# Not a target:
.SUFFIXES:
#  Implicit rule search has not been done.
#  Modification time never checked.
#  File has not been updated.

miniterm:
#  Implicit rule search has not been done.
#  Modification time never checked.
#  File has not been updated.
#  commands to execute (from `Makefile', line 26):
	@miniterm.py /dev/tty.usbserial* 115200
	

# Not a target:
Makefile:
#  Implicit rule search has been done.
#  Last modified 2022-07-17 04:58:44
#  File has been updated.
#  Successfully updated.
# variable set hash-table stats:
# Load=0/32=0%, Rehash=0, Collisions=0/0=0%

assets_convert:
#  Implicit rule search has not been done.
#  Modification time never checked.
#  File has not been updated.
#  commands to execute (from `Makefile', line 33):
	@python3 ./common/rgb565_converter.py --input ./assets --output ./libraries/assets/images.h
	

build:
#  Implicit rule search has not been done.
#  Modification time never checked.
#  File has not been updated.
#  commands to execute (from `Makefile', line 10):
	@echo "Compile..."
	@arduino-cli compile --libraries ./libraries --fqbn=esp8266:esp8266:generic:xtal=80,baud=921600 npml1 --output-dir ./bin
	

# Not a target:
.DEFAULT:
#  Implicit rule search has not been done.
#  Modification time never checked.
#  File has not been updated.

upload_fast:
#  Implicit rule search has not been done.
#  Modification time never checked.
#  File has not been updated.
#  commands to execute (from `Makefile', line 18):
	@echo "Upload ./bin/npml1.ino.bin..."
	@~/Library/Arduino15/packages/esp8266/tools/python3/3.7.2-post1/python3 -I /Users/vvzvlad/Library/Arduino15/packages/esp8266/hardware/esp8266/3.0.2/tools/upload.py --chip esp8266 --port /dev/tty.usbserial* --baud 3000000 --before default_reset --after hard_reset write_flash 0x0 ./bin/npml1.ino.bin
	

clean:
#  Implicit rule search has not been done.
#  Modification time never checked.
#  File has not been updated.
#  commands to execute (from `Makefile', line 36):
	arduino-cli cache clean
	

main: build upload_fast miniterm git_commit
#  Implicit rule search has not been done.
#  Modification time never checked.
#  File has not been updated.

install_env:
#  Implicit rule search has not been done.
#  Modification time never checked.
#  File has not been updated.
#  commands to execute (from `Makefile', line 39):
	arduino-cli core update-index --additional-urls http://arduino.esp8266.com/stable/package_esp8266com_index.json
	arduino-cli core install esp8266:esp8266 --additional-urls http://arduino.esp8266.com/stable/package_esp8266com_index.json
	

upload:
#  Implicit rule search has not been done.
#  Modification time never checked.
#  File has not been updated.
#  commands to execute (from `Makefile', line 14):
	@echo "Upload ./bin/npml1.ino.bin..."
	@arduino-cli upload --port /dev/tty.usbserial* --fqbn=esp8266:esp8266:generic:baud=921600 npml1 --output-dir ./bin
	

# files hash-table stats:
 
make: *** No rule to make target `all'.  Stop.

# Load=14/1024=1%, Rehash=0, Collisions=0/30=0%
# VPATH Search Paths

# No `vpath' search paths.

# No general (`VPATH' variable) search path.

# # of strings in strcache: 1
# # of strcache buffers: 1
# strcache size: total = 4096 / max = 4096 / min = 4096 / avg = 4096
# strcache free: total = 4087 / max = 4087 / min = 4087 / avg = 4087

# Finished Make data base on Mon Jul 18 00:54:56 2022

 
